<?xml version="1.0" encoding="UTF-8"?>
<!-- Generated by org.testng.reporters.JUnitXMLReporter -->
<testsuite ignored="2" hostname="admins-MacBook-Pro.local" failures="0" tests="2" name="Get request " time="2.648" errors="0" timestamp="2025-04-03T15:53:15 GMT-07:00">
  <testcase classname="com.api.automation.RestAssured.AppTest" name="getrequestposts" time="2.097"/>
  <testcase classname="com.api.automation.RestAssured.AppTest" name="getrequest" time="0.518"/>
  <testcase classname="com.api.automation.RestAssured.AppTest" name="getrequestusersreponse" time="0.0">
    <ignored/>
  </testcase> <!-- getrequestusersreponse -->
  <testcase classname="com.api.automation.RestAssured.AppTest" name="getrequest1" time="0.0">
    <ignored/>
  </testcase> <!-- getrequest1 -->
</testsuite> <!-- Get request  -->
