<?xml version="1.0" encoding="UTF-8"?>
<testng-results ignored="0" total="3" passed="3" failed="0" skipped="0">
  <reporter-output>
  </reporter-output>
  <suite started-at="2025-04-03T15:53:16 GMT-07:00" name="API All Suites" finished-at="2025-04-03T15:53:16 GMT-07:00" duration-ms="0">
    <groups>
    </groups>
  </suite> <!-- API All Suites -->
  <suite started-at="2025-04-03T15:53:13 GMT-07:00" name="Suite1" finished-at="2025-04-03T15:53:15 GMT-07:00" duration-ms="2648">
    <groups>
      <group name="smoke">
        <method signature="AppTest.getrequestposts()[pri:1, instance:com.api.automation.RestAssured.AppTest@1c93084c]" name="getrequestposts" class="com.api.automation.RestAssured.AppTest"/>
        <method signature="AppTest.getrequest()[pri:2, instance:com.api.automation.RestAssured.AppTest@1c93084c]" name="getrequest" class="com.api.automation.RestAssured.AppTest"/>
      </group> <!-- smoke -->
    </groups>
    <test started-at="2025-04-03T15:53:13 GMT-07:00" name="Get request " finished-at="2025-04-03T15:53:15 GMT-07:00" duration-ms="2648">
      <class name="com.api.automation.RestAssured.AppTest">
        <test-method signature="getrequestposts()[pri:1, instance:com.api.automation.RestAssured.AppTest@1c93084c]" started-at="2025-04-03T15:53:13 GMT-07:00" name="getrequestposts" finished-at="2025-04-03T15:53:15 GMT-07:00" duration-ms="2097" status="PASS">
          <reporter-output>
          </reporter-output>
        </test-method> <!-- getrequestposts -->
        <test-method signature="getrequest()[pri:2, instance:com.api.automation.RestAssured.AppTest@1c93084c]" started-at="2025-04-03T15:53:15 GMT-07:00" name="getrequest" finished-at="2025-04-03T15:53:15 GMT-07:00" duration-ms="518" status="PASS">
          <reporter-output>
          </reporter-output>
        </test-method> <!-- getrequest -->
      </class> <!-- com.api.automation.RestAssured.AppTest -->
    </test> <!-- Get request  -->
  </suite> <!-- Suite1 -->
  <suite started-at="2025-04-03T15:53:15 GMT-07:00" name="Suite2" finished-at="2025-04-03T15:53:16 GMT-07:00" duration-ms="442">
    <groups>
      <group name="smoke">
        <method signature="creakebookingwithpost.createbooking()[pri:0, instance:com.api.automation.RestAssured.creakebookingwithpost@243c4f91]" name="createbooking" class="com.api.automation.RestAssured.creakebookingwithpost"/>
      </group> <!-- smoke -->
    </groups>
    <test started-at="2025-04-03T15:53:15 GMT-07:00" name="Create booking Post Request" finished-at="2025-04-03T15:53:16 GMT-07:00" duration-ms="442">
      <class name="com.api.automation.RestAssured.creakebookingwithpost">
        <test-method signature="createbooking()[pri:0, instance:com.api.automation.RestAssured.creakebookingwithpost@243c4f91]" started-at="2025-04-03T15:53:15 GMT-07:00" name="createbooking" finished-at="2025-04-03T15:53:16 GMT-07:00" duration-ms="440" status="PASS">
          <reporter-output>
          </reporter-output>
        </test-method> <!-- createbooking -->
      </class> <!-- com.api.automation.RestAssured.creakebookingwithpost -->
    </test> <!-- Create booking Post Request -->
  </suite> <!-- Suite2 -->
</testng-results>
