<?xml version="1.0" encoding="UTF-8"?>
<testsuite xmlns:xsi="http://www.w3.org/2001/XMLSchema-instance" xsi:noNamespaceSchemaLocation="https://maven.apache.org/surefire/maven-surefire-plugin/xsd/surefire-test-report-3.0.xsd" version="3.0" name="TestSuite" time="3.572" tests="3" errors="0" skipped="0" failures="0">
  <properties>
[...]
</properties>
  <testcase name="getrequestposts" classname="com.api.automation.RestAssured.AppTest" time="2.097">
    <system-err><![CDATA[SLF4J: Failed to load class "org.slf4j.impl.StaticLoggerBinder".
SLF4J: Defaulting to no-operation (NOP) logger implementation
SLF4J: See http://www.slf4j.org/codes.html#StaticLoggerBinder for further details.
]]></system-err>
  </testcase>
  <testcase name="getrequest" classname="com.api.automation.RestAssured.AppTest" time="0.52">
    <system-out><![CDATA[HTTP/1.1 200 OK
Date: Thu, 03 Apr 2025 22:53:15 GMT
Content-Type: text/html; charset=UTF-8
Transfer-Encoding: chunked
Connection: keep-alive
Content-Encoding: gzip
Cf-Ray: 92ac241a9d0741cd-EWR
Report-To: {"group":"heroku-nel","max_age":3600,"endpoints":[{"url":"https://nel.heroku.com/reports?ts=1743692768&sid=e11707d5-02a7-43ef-b45e-2cf4d2036f7d&s=bqrhZqX7uZYIrrcyqZexgdirMY6WvWr96Ef2zD9ZE%2FY%3D"}]}
Reporting-Endpoints: heroku-nel=https://nel.heroku.com/reports?ts=1743692768&sid=e11707d5-02a7-43ef-b45e-2cf4d2036f7d&s=bqrhZqX7uZYIrrcyqZexgdirMY6WvWr96Ef2zD9ZE%2FY%3D
Nel: {"report_to":"heroku-nel","max_age":3600,"success_fraction":0.005,"failure_fraction":0.05,"response_headers":["Via"]}
X-Powered-By: Express
X-Ratelimit-Limit: 1000
X-Ratelimit-Remaining: 999
X-Ratelimit-Reset: 1743692798
Vary: Origin, Accept-Encoding
Access-Control-Allow-Credentials: true
Cache-Control: public, max-age=43200
Last-Modified: Thu, 03 Apr 2025 12:52:33 GMT
Via: 1.1 vegur
Cf-Cache-Status: HIT
Age: 28027
Server: cloudflare
alt-svc: h3=":443"; ma=86400
server-timing: cfL4;desc="?proto=TCP&rtt=17612&min_rtt=15260&rtt_var=7403&sent=5&recv=7&lost=0&retrans=0&sent_bytes=3115&recv_bytes=785&delivery_rate=284665&cwnd=252&unsent_bytes=0&cid=c42bd679dc703bcd&ts=44&x=0"

<html lang="en">
  <head>
    <meta charset="utf-8"/>
    <meta name="viewport" content="width=device-width, initial-scale=1, shrink-to-fit=no"/>
    <link rel="stylesheet" href="/style.css"/>
    <link rel="stylesheet" href="https://cdnjs.cloudflare.com/ajax/libs/prism-themes/1.9.0/prism-lucario.min.css"/>
    <title>JSONPlaceholder - Free Fake REST API</title>
    <script async="async" src="https://www.googletagmanager.com/gtag/js?id=G-E3C3GCQVBN"/>
    <script>
      window.dataLayer = window.dataLayer || []
      function gtag() {
        dataLayer.push(arguments)
      }
      gtag('js', new Date())

      gtag('config', 'G-E3C3GCQVBN')
    </script>
    <script async="async" src="https://media.ethicalads.io/media/client/ethicalads.min.js"/>
  </head>
  <body>
    <div class="bg-blue-500 text-center py-2">
      <div class="container mx-auto">
        <a shape="rect" class="text-white" href="https://github.com/typicode/mistcss">
Check my new project           <strong>💧 MistCSS</strong>
 write React components with 50% less code        </a>
      </div>
    </div>
    <header class="         container         mx-auto         max-w-4xl         flex flex-col         md:flex-row         justify-between         py-one         mb-three       ">
      <h1>
        <a shape="rect" class="font-bold no-underline" href="/">JSONPlaceholder</a>
      </h1>
      <nav>
        <ul class="flex">
          <li>
            <a shape="rect" class="mr-4 no-underline" href="/guide">Guide</a>
          </li>
          <li>
            <a shape="rect" class="mr-4 no-underline" href="https://github.com/sponsors/typicode">Sponsor this project</a>
          </li>
          <li>
            <a shape="rect" class="mr-4 no-underline" href="https://blog.typicode.com">Blog</a>
          </li>
          <li>
            <a shape="rect" class="no-underline" href="https://my-json-server.typicode.com">My JSON Server</a>
          </li>
        </ul>
      </nav>
    </header>
    <div>
      <section id="hero" class="-mt-three py-20 mb-six -mx-2">
        <div class="container mx-auto max-w-4xl">
          <span class="text-6xl bold">{JSON} Placeholder</span>
          <h1 class="mt-two text-lg">
      Free fake and reliable API for testing and prototyping.
    </h1>
          <p class="mb-one text-lg">

      Powered by
                  <a shape="rect" href="https://github.com/typicode/json-server">JSON Server</a>

      +
                  <a shape="rect" href="https://github.com/typicode/lowdb">LowDB</a>
.
              </p>
          <p>
            <b>Serving ~3 billion requests each month</b>
.          </p>
        </div>
      </section>
      <section class="container mx-auto max-w-4xl mb-six">
        <h2 class="text-2xl mb-one">Sponsors</h2>
        <p class="mb-two">

    JSONPlaceholder is supported by the following companies and
              <a shape="rect" href="https://github.com/sponsors/typicode">Sponsors</a>
 on GitHub, check
    them out 💖
          </p>
        <p>
          <a shape="rect" href="https://mockend.com" target="_blank">
            <img class="mb-two" src="mockend.svg" style="height: 100px"/>
          </a>
        </p>
        <p>
          <a shape="rect" href="https://zuplo.link/json-server-web" target="_blank">
            <img class="mb-two" src="https://github.com/user-attachments/assets/adfee31f-a8b6-4684-9a9b-af4f03ac5b75" style="height: 100px"/>
          </a>
        </p>
        <p class="my-two">
          <a shape="rect" href="https://github.com/sponsors/typicode">Your company logo here</a>
        </p>
      </section>
      <section class="container mx-auto max-w-4xl mb-four">
        <h2 class="text-2xl mb-one">Try it</h2>
        <p>Run this code here, in a console or from any site:</p>
        <pre>
          <code class="language-javascript" id="example">fetch('https://jsonplaceholder.typicode.com/todos/1')
      .then(response =&gt; response.json())
      .then(json =&gt; console.log(json))</code>
        </pre>
        <button type="submit" class="bg-black hover:bg-gray-700 text-white font-bold py-quarter my-quarter px-4 rounded" id="run-button">
    Run script
  </button>
        <pre>
          <code class="language-javascript" id="result">{}</code>
        </pre>
        <p class="invisible" id="run-message">
    Congrats! You've made your first call to JSONPlaceholder. 😃 🎉
  </p>
        <div class="horizontal flat adaptive" data-ea-publisher="jsonplaceholdertypicodecom" data-ea-style="stickybox" data-ea-keywords="javascript|typescript|mobile|react|vue|frontend|front-end|backend|back-end"/>
      </section>
      <main class="container mx-auto max-w-4xl">
        <h2>When to use</h2>
        <p>
JSONPlaceholder is a free online REST API that you can use           <strong>whenever you need some fake data</strong>
. It can be in a README on GitHub, for a demo on CodeSandbox, in code examples on Stack Overflow, ...or simply to test things locally.        </p>
        <h2>Resources</h2>
        <p>JSONPlaceholder comes with a set of 6 common resources:</p>
        <table>
          <thead>
            <tr>
              <th colspan="1" rowspan="1"/>
              <th colspan="1" rowspan="1"/>
            </tr>
          </thead>
          <tbody>
            <tr>
              <td colspan="1" rowspan="1">
                <a shape="rect" href="/posts">/posts</a>
              </td>
              <td colspan="1" rowspan="1">100 posts</td>
            </tr>
            <tr>
              <td colspan="1" rowspan="1">
                <a shape="rect" href="/comments">/comments</a>
              </td>
              <td colspan="1" rowspan="1">500 comments</td>
            </tr>
            <tr>
              <td colspan="1" rowspan="1">
                <a shape="rect" href="/albums">/albums</a>
              </td>
              <td colspan="1" rowspan="1">100 albums</td>
            </tr>
            <tr>
              <td colspan="1" rowspan="1">
                <a shape="rect" href="/photos">/photos</a>
              </td>
              <td colspan="1" rowspan="1">5000 photos</td>
            </tr>
            <tr>
              <td colspan="1" rowspan="1">
                <a shape="rect" href="/todos">/todos</a>
              </td>
              <td colspan="1" rowspan="1">200 todos</td>
            </tr>
            <tr>
              <td colspan="1" rowspan="1">
                <a shape="rect" href="/users">/users</a>
              </td>
              <td colspan="1" rowspan="1">10 users</td>
            </tr>
          </tbody>
        </table>
        <p>
          <strong>Note</strong>
: resources have relations. For example: posts have many comments, albums have many photos, ... see           <a shape="rect" href="/guide">guide</a>
 for the full list.        </p>
        <h2>Routes</h2>
        <p>All HTTP methods are supported. You can use http or https for your requests.</p>
        <table>
          <thead>
            <tr>
              <th colspan="1" rowspan="1"/>
              <th colspan="1" rowspan="1"/>
            </tr>
          </thead>
          <tbody>
            <tr>
              <td colspan="1" rowspan="1">GET</td>
              <td colspan="1" rowspan="1">
                <a shape="rect" href="/posts">/posts</a>
              </td>
            </tr>
            <tr>
              <td colspan="1" rowspan="1">GET</td>
              <td colspan="1" rowspan="1">
                <a shape="rect" href="/posts/1">/posts/1</a>
              </td>
            </tr>
            <tr>
              <td colspan="1" rowspan="1">GET</td>
              <td colspan="1" rowspan="1">
                <a shape="rect" href="/posts/1/comments">/posts/1/comments</a>
              </td>
            </tr>
            <tr>
              <td colspan="1" rowspan="1">GET</td>
              <td colspan="1" rowspan="1">
                <a shape="rect" href="/comments?postId=1">/comments?postId=1</a>
              </td>
            </tr>
            <tr>
              <td colspan="1" rowspan="1">POST</td>
              <td colspan="1" rowspan="1">/posts</td>
            </tr>
            <tr>
              <td colspan="1" rowspan="1">PUT</td>
              <td colspan="1" rowspan="1">/posts/1</td>
            </tr>
            <tr>
              <td colspan="1" rowspan="1">PATCH</td>
              <td colspan="1" rowspan="1">/posts/1</td>
            </tr>
            <tr>
              <td colspan="1" rowspan="1">DELETE</td>
              <td colspan="1" rowspan="1">/posts/1</td>
            </tr>
          </tbody>
        </table>
        <p>
          <strong>Note</strong>
: see           <a shape="rect" href="/guide">guide</a>
 for usage examples.        </p>
        <h2>Use your own data</h2>
        <p>
With our sponsor           <a shape="rect" href="https://mockend.com">Mockend</a>
 and a simple GitHub repo, you can have your own fake online REST server in seconds.        </p>
      </main>
      <script>
  // Use http or https based on location.protocol
  var example = document.getElementById('example')
  example.textContent = example.textContent.replace('http:', location.protocol)

  // Highlight result element
  var result = document.getElementById('result')

  // Run example
  var runButton = document.getElementById('run-button')
  runButton.onclick = function () {
    var root = location.protocol + '//jsonplaceholder.typicode.com'
    var runMessage = document.getElementById('run-message')

    fetch('https://jsonplaceholder.typicode.com/todos/1')
      .then((response) =&gt; response.json())
      .then((json) =&gt; {
        var str = JSON.stringify(json, null, '  ')

        // Format result
        result.innerHTML = Prism.highlight(
          str,
          Prism.languages.javascript,
          'javascript'
        )

        runMessage.className = ''
      })
  }
</script>
    </div>
    <footer class="container mx-auto max-w-4xl mt-four">
      <div class="mb-one">
        <a shape="rect" href="https://github.com/users/typicode/sponsorship">
          <strong>You can sponsor this project (and others) on GitHub</strong>
        </a>
      </div>
      <div class="mb-one">

        Coded and maintained with ❤️ by
                <a shape="rect" href="https://github.com/typicode">typicode</a>
 © 2024
            </div>
    </footer>
    <script src="https://cdnjs.cloudflare.com/ajax/libs/prism/1.29.0/prism.min.js"/>
  </body>
</html>
]]></system-out>
  </testcase>
  <testcase name="createbooking" classname="com.api.automation.RestAssured.creakebookingwithpost" time="0.441">
    <system-out><![CDATA[Request method:	POST
Request URI:	https://restful-booker.herokuapp.com/booking
Proxy:			<none>
Request params:	<none>
Query params:	<none>
Form params:	<none>
Path params:	<none>
Headers:		Accept=*/*
				Content-Type=application/json
Cookies:		<none>
Multiparts:		<none>
Body:
{
    "firstname": "api testing",
    "additionalneeds": "breakfast",
    "bookingdates": {
        "checkin": "2023-03-25",
        "checkout": "2023-03-30"
    },
    "totalprice": 1000,
    "depositpaid": true,
    "lastname": "tutorial"
}
]]></system-out>
  </testcase>
</testsuite>