<?xml version="1.0" encoding="UTF-8"?>
<testng-results ignored="0" total="1" passed="1" failed="0" skipped="0">
  <reporter-output>
  </reporter-output>
  <suite started-at="2025-04-05T20:44:35 GMT-07:00" name="Default suite" finished-at="2025-04-05T20:44:36 GMT-07:00" duration-ms="1228">
    <groups>
    </groups>
    <test started-at="2025-04-05T20:44:35 GMT-07:00" name="Default test" finished-at="2025-04-05T20:44:36 GMT-07:00" duration-ms="1228">
      <class name="com.api.automation.RestAssured.BrachGitExample">
        <test-method signature="getbookingwithfirstname()[pri:0, instance:com.api.automation.RestAssured.BrachGitExample@4f2b503c]" started-at="2025-04-05T20:44:35 GMT-07:00" name="getbookingwithfirstname" finished-at="2025-04-05T20:44:36 GMT-07:00" duration-ms="1193" status="PASS">
          <reporter-output>
          </reporter-output>
        </test-method> <!-- getbookingwithfirstname -->
      </class> <!-- com.api.automation.RestAssured.BrachGitExample -->
    </test> <!-- Default test -->
  </suite> <!-- Default suite -->
</testng-results>
