<?xml version="1.0" encoding="UTF-8"?>
<testng-results ignored="0" total="5" passed="5" failed="0" skipped="0">
  <reporter-output>
  </reporter-output>
  <suite started-at="2025-03-30T19:45:34 GMT-07:00" name="API All Suites" finished-at="2025-03-30T19:45:34 GMT-07:00" duration-ms="0">
    <groups>
    </groups>
  </suite> <!-- API All Suites -->
  <suite started-at="2025-03-30T19:45:31 GMT-07:00" name="Suite1" finished-at="2025-03-30T19:45:33 GMT-07:00" duration-ms="2326">
    <groups>
    </groups>
    <test started-at="2025-03-30T19:45:31 GMT-07:00" name="Get request " finished-at="2025-03-30T19:45:33 GMT-07:00" duration-ms="2326">
      <class name="com.api.automation.RestAssured.AppTest">
        <test-method signature="getrequest()[pri:0, instance:com.api.automation.RestAssured.AppTest@7c711375]" started-at="2025-03-30T19:45:31 GMT-07:00" name="getrequest" finished-at="2025-03-30T19:45:32 GMT-07:00" duration-ms="1348" status="PASS">
          <reporter-output>
          </reporter-output>
        </test-method> <!-- getrequest -->
        <test-method signature="getrequest1()[pri:0, instance:com.api.automation.RestAssured.AppTest@7c711375]" started-at="2025-03-30T19:45:32 GMT-07:00" name="getrequest1" finished-at="2025-03-30T19:45:33 GMT-07:00" duration-ms="645" status="PASS">
          <reporter-output>
          </reporter-output>
        </test-method> <!-- getrequest1 -->
        <test-method signature="getrequestposts()[pri:0, instance:com.api.automation.RestAssured.AppTest@7c711375]" started-at="2025-03-30T19:45:33 GMT-07:00" name="getrequestposts" finished-at="2025-03-30T19:45:33 GMT-07:00" duration-ms="165" status="PASS">
          <reporter-output>
          </reporter-output>
        </test-method> <!-- getrequestposts -->
        <test-method signature="getrequestusersreponse()[pri:0, instance:com.api.automation.RestAssured.AppTest@7c711375]" started-at="2025-03-30T19:45:33 GMT-07:00" name="getrequestusersreponse" finished-at="2025-03-30T19:45:33 GMT-07:00" duration-ms="128" status="PASS">
          <reporter-output>
          </reporter-output>
        </test-method> <!-- getrequestusersreponse -->
      </class> <!-- com.api.automation.RestAssured.AppTest -->
    </test> <!-- Get request  -->
  </suite> <!-- Suite1 -->
  <suite started-at="2025-03-30T19:45:33 GMT-07:00" name="Suite2" finished-at="2025-03-30T19:45:34 GMT-07:00" duration-ms="400">
    <groups>
    </groups>
    <test started-at="2025-03-30T19:45:33 GMT-07:00" name="Create booking Post Request" finished-at="2025-03-30T19:45:34 GMT-07:00" duration-ms="400">
      <class name="com.api.automation.RestAssured.creakebookingwithpost">
        <test-method signature="createbooking()[pri:0, instance:com.api.automation.RestAssured.creakebookingwithpost@6340e5f0]" started-at="2025-03-30T19:45:33 GMT-07:00" name="createbooking" finished-at="2025-03-30T19:45:34 GMT-07:00" duration-ms="398" status="PASS">
          <reporter-output>
          </reporter-output>
        </test-method> <!-- createbooking -->
      </class> <!-- com.api.automation.RestAssured.creakebookingwithpost -->
    </test> <!-- Create booking Post Request -->
  </suite> <!-- Suite2 -->
</testng-results>
