<?xml version="1.0" encoding="UTF-8"?>
<!-- Generated by org.testng.reporters.JUnitXMLReporter -->
<testsuite ignored="0" hostname="admins-MacBook-Pro.local" failures="0" tests="4" name="Get request " time="2.326" errors="0" timestamp="2025-03-30T19:45:33 GMT-07:00">
  <testcase classname="com.api.automation.RestAssured.AppTest" name="getrequest" time="1.348"/>
  <testcase classname="com.api.automation.RestAssured.AppTest" name="getrequest1" time="0.645"/>
  <testcase classname="com.api.automation.RestAssured.AppTest" name="getrequestposts" time="0.165"/>
  <testcase classname="com.api.automation.RestAssured.AppTest" name="getrequestusersreponse" time="0.128"/>
</testsuite> <!-- Get request  -->
